<?xml version="1.0" encoding="UTF-8"?>
<beans xmlns="http://www.springframework.org/schema/beans"
	xmlns:xsi="http://www.w3.org/2001/XMLSchema-instance"
	xmlns:context="http://www.springframework.org/schema/context"
	xmlns:p="http://www.springframework.org/schema/p"
	xsi:schemaLocation="http://www.springframework.org/schema/beans http://www.springframework.org/schema/beans/spring-beans-3.0.xsd
		http://www.springframework.org/schema/context http://www.springframework.org/schema/context/spring-context-3.0.xsd">

<context:annotation-config />

<bean id="alarmSender" class="com.solab.alarms.AlarmSender">
	<property name="alarmChannels"><list>
		<bean class="com.solab.alarms.channels.TestChannel">
			<property name="minResendInterval" value="100" />
		</bean>
	</list></property>
</bean>

<!-- this exports the bean as an RMI service -->
<bean class="org.springframework.remoting.rmi.RmiServiceExporter"
	p:registryPort="2199" p:servicePort="2199" p:serviceName="TestSender"
	p:service-ref="alarmSender" p:serviceInterface="com.solab.alarms.RemoteAlarmSender"
/>

</beans>
